[2025-10-10 12:16:22] [INFO] [REQ] GET /api/cache-stats → 200 (44ms)
[2025-10-10 12:16:22] [INFO] [REQ] GET /api/cache-stats → 200 (3ms)
[2025-10-10 12:16:40] [INFO] [REQ] GET /api/cache-stats → 200 (3ms)
[2025-10-10 12:17:05] [INFO] [START] /api/nodes at 2025-10-10T04:17:05.687Z
[2025-10-10 12:17:07] [INFO] [DATA] Nodes fetched: 30
[2025-10-10 12:17:07] [INFO] [DATA] Using parsed filters: {"label":"Akio"}
[2025-10-10 12:17:07] [INFO] [DATA] Filtered nodes count (label): 1
[2025-10-10 12:17:07] [INFO] [DATA] Returning nodes: 31
[2025-10-10 12:17:07] [INFO] [REQ] GET /api/nodes?userId=04E9XYnVi8QD3yHAIXeBHCRp2sN2&label=Akio → 200 (1905ms)
[2025-10-10 12:17:23] [INFO] [START] /api/nodes at 2025-10-10T04:17:23.372Z
[2025-10-10 12:17:23] [INFO] [DATA] Nodes fetched: 30
[2025-10-10 12:17:23] [INFO] [DATA] Using parsed filters: {"label":"Akio"}
[2025-10-10 12:17:23] [INFO] [DATA] Filtered nodes count (label): 1
[2025-10-10 12:17:23] [INFO] [DATA] Returning nodes: 31
[2025-10-10 12:17:23] [INFO] [REQ] GET /api/nodes?userId=04E9XYnVi8QD3yHAIXeBHCRp2sN2&label=Akio → 200 (246ms)
[2025-10-10 12:17:38] [INFO] [REQ] GET /api/cache-stats → 200 (2ms)
[2025-10-10 12:19:04] [INFO] [REQ] GET /api/cache-stats → 200 (1ms)
[2025-10-10 12:19:25] [INFO] [REQ] GET /api/cache-stats → 200 (1ms)
[2025-10-10 12:19:52] [INFO] [REQ] GET /api/cache-stats → 200 (3ms)
[2025-10-10 12:20:02] [INFO] [REQ] GET /api/cache-stats → 200 (2ms)
[2025-10-10 12:20:03] [INFO] [REQ] POST /api/batch → 200 (1505ms)
[2025-10-10 12:20:03] [INFO] [REQ] GET /api/cache-stats → 200 (2ms)
[2025-10-10 12:20:03] [INFO] [REQ] GET /api/cache-stats → 200 (1ms)
[2025-10-10 12:20:03] [INFO] [REQ] POST /api/batch → 200 (7ms)
[2025-10-10 12:20:03] [INFO] [START] /api/nodes at 2025-10-10T04:20:03.940Z
[2025-10-10 12:20:04] [INFO] [DATA] Nodes fetched: 30
[2025-10-10 12:20:04] [INFO] [DATA] Using parsed filters: {}
[2025-10-10 12:20:04] [INFO] [DATA] Returning nodes: 0,1,2,3,4,5,6,7,8,9,10,12,13,14,15,16,17,18,19,21,22,23,24,25,26,27,28,29,30,31
[2025-10-10 12:20:04] [INFO] [REQ] GET /api/nodes?userId=04E9XYnVi8QD3yHAIXeBHCRp2sN2 → 200 (261ms)
[2025-10-10 12:20:04] [INFO] [REQUEST] /api/links request with query: {"userId":"04E9XYnVi8QD3yHAIXeBHCRp2sN2"}
[2025-10-10 12:20:04] [INFO] [DATA] Initial links count: 32
[2025-10-10 12:20:04] [INFO] [DATA] Using parsed filters: {}
[2025-10-10 12:20:05] [INFO] [DATA] Enriching link 0: source 3c6e0b8a9c15224a8228b9a98ca1531d -> Alice Smith, target 9f9d51bc70ef21ca5c14f307980a29d8 -> Mad Hatter
[2025-10-10 12:20:05] [INFO] [DATA] Enriching link 1: source 3c6e0b8a9c15224a8228b9a98ca1531d -> Alice Smith, target 9f9d51bc70ef21ca5c14f307980a29d8 -> Mad Hatter
[2025-10-10 12:20:06] [INFO] [DATA] Enriching link 2: source 3c6e0b8a9c15224a8228b9a98ca1531d -> Alice Smith, target 5e884898da28047151d0e56f8dc62927 -> sister
[2025-10-10 12:20:06] [INFO] [DATA] Enriching link 3: source 3c6e0b8a9c15224a8228b9a98ca1531d -> Alice Smith, target 2fd4e1c67a2d28fced849ee1bb76e739 -> rabbit
[2025-10-10 12:20:07] [INFO] [DATA] Enriching link 4: source 3c6e0b8a9c15224a8228b9a98ca1531d -> Alice Smith, target 6b86b273ff34fce19d6b804eff5a3f57 -> Wunderland
[2025-10-10 12:20:07] [INFO] [DATA] Enriching link 5: source 3c6e0b8a9c15224a8228b9a98ca1531d -> Alice Smith, target 9f9d51bc70ef21ca5c14f307980a29d8 -> Mad Hatter
[2025-10-10 12:20:08] [INFO] [DATA] Enriching link 6: source 3c6e0b8a9c15224a8228b9a98ca1531d -> Alice Smith, target 1b4f0e9851971998e732078544c96b36 -> White Queen
[2025-10-10 12:20:08] [INFO] [DATA] Enriching link 7: source 3c6e0b8a9c15224a8228b9a98ca1531d -> Alice Smith, target 2fd4e1c67a2d28fced849ee1bb76e739 -> rabbit
[2025-10-10 12:20:09] [INFO] [DATA] Enriching link 8: source 3c6e0b8a9c15224a8228b9a98ca1531d -> Alice Smith, target ea9b92090f63de175d23d4867f840d1d0b941c4c46f14d8f0a0e616e8a895120 -> Froppy the Fantastic Frog
[2025-10-10 12:20:09] [INFO] [DATA] Enriching link 9: source 8f9bfe9d8e9d8e9d8e9d8e9d8e9d8e9d8e9d8e9d8e9d8e9d8e9d8e9d8e9d8e9d -> NOT FOUND, target 7f8bfe9d8e9d8e9d8e9d8e9d8e9d8e9d8e9d8e9d8e9d8e9d8e9d8e9d8e9d8e9d -> Luca Brando
[2025-10-10 12:20:10] [INFO] [DATA] Enriching link 10: source 8f9bfe9d8e9d8e9d8e9d8e9d8e9d8e9d8e9d8e9d8e9d8e9d8e9d8e9d8e9d8e9d -> NOT FOUND, target 6f7bfe9d8e9d8e9d8e9d8e9d8e9d8e9d8e9d8e9d8e9d8e9d8e9d8e9d8e9d8e9d -> Leifr Ásjá
[2025-10-10 12:20:10] [INFO] [DATA] Enriching link 11: source 8f9bfe9d8e9d8e9d8e9d8e9d8e9d8e9d8e9d8e9d8e9d8e9d8e9d8e9d8e9d8e9d -> NOT FOUND, target 5f6bfe9d8e9d8e9d8e9d8e9d8e9d8e9d8e9d8e9d8e9d8e9d8e9d8e9d8e9d8e9d -> Amycus
[2025-10-10 12:20:11] [INFO] [DATA] Enriching link 12: source 8f9bfe9d8e9d8e9d8e9d8e9d8e9d8e9d8e9d8e9d8e9d8e9d8e9d8e9d8e9d8e9d -> NOT FOUND, target 4f5bfe9d8e9d8e9d8e9d8e9d8e9d8e9d8e9d8e9d8e9d8e9d8e9d8e9d8e9d8e9d -> Futaba Masamichi
[2025-10-10 12:20:11] [INFO] [DATA] Enriching link 13: source 8f9bfe9d8e9d8e9d8e9d8e9d8e9d8e9d8e9d8e9d8e9d8e9d8e9d8e9d8e9d8e9d -> NOT FOUND, target 3f4bfe9d8e9d8e9d8e9d8e9d8e9d8e9d8e9d8e9d8e9d8e9d8e9d8e9d8e9d8e9d -> Futaba Family
[2025-10-10 12:20:11] [INFO] [DATA] Enriching link 14: source 8f9bfe9d8e9d8e9d8e9d8e9d8e9d8e9d8e9d8e9d8e9d8e9d8e9d8e9d8e9d8e9d -> NOT FOUND, target 5f6bfe9d8e9d8e9d8e9d8e9d8e9d8e9d8e9d8e9d8e9d8e9d8e9d8e9d8e9d8e9d -> Amycus
[2025-10-10 12:20:12] [INFO] [DATA] Enriching link 15: source 2fafd15c7476a6e10d9f177ed285d271b3af0c23b0de95d36bc66519c002f131 -> Pie-non, target b06c0353d0658823ce55ab5345a5d11aee21be8c3549a48472d1193ede9799c7 -> Mydei
[2025-10-10 12:20:12] [INFO] [DATA] Enriching link 16: source 9f86d081884c7d659a2feaa0c55ad015a3bf4f1b2b0b822cd15d6c15b0f00a08 -> Quentin Jacobsen, target a4e5d5b5f5d5b5f5d5b5f5d5b5f5d5b5f5d5b5f5d5b5f5d5b5f5d5b5f5d5b5f5 -> Margo Roth Spiegelman
[2025-10-10 12:20:13] [INFO] [DATA] Enriching link 17: source 9f86d081884c7d659a2feaa0c55ad015a3bf4f1b2b0b822cd15d6c15b0f00a08 -> Quentin Jacobsen, target a4e5d5b5f5d5b5f5d5b5f5d5b5f5d5b5f5d5b5f5d5b5f5d5b5f5d5b5f5d5b5f5 -> Margo Roth Spiegelman
[2025-10-10 12:20:13] [INFO] [DATA] Enriching link 18: source 9f86d081884c7d659a2feaa0c55ad015a3bf4f1b2b0b822cd15d6c15b0f00a08 -> Quentin Jacobsen, target b5f5d5b5f5d5b5f5d5b5f5d5b5f5d5b5f5d5b5f5d5b5f5d5b5f5d5b5f5d5b5f5 -> Quentin's friends
[2025-10-10 12:20:14] [INFO] [DATA] Enriching link 19: source 8d7f8e7a6e5f4d3c2b1a0a1a1a1a1a1a1a1a1a1a1a1a1a1a1a1a1a1a1a1a1a1a -> Jacob Grimm, target 9e8f7a6b5c4d3e2f1a0a1a1a1a1a1a1a1a1a1a1a1a1a1a1a1a1a1a1a1a1a1a1a -> Wilhelm Grimm
[2025-10-10 12:20:14] [INFO] [DATA] Enriching link 20: source 8d7f8e7a6e5f4d3c2b1a0a1a1a1a1a1a1a1a1a1a1a1a1a1a1a1a1a1a1a1a1a1a -> Jacob Grimm, target 1a2b3c4d5e6f7a8b9c0d1e2f3a4b5c6d7e8f9a0b1c2d3e4f5a6b7c8d9e0f1a2b -> NOT FOUND
[2025-10-10 12:20:15] [INFO] [DATA] Enriching link 21: source 3d4e5f6a7b8c9d0e1f2a3b4c5d6e7f8a9b0c1d2e3f4a5b6c7d8e9f0a1b2c3 -> NOT FOUND, target 4e5f6a7b8c9d0e1f2a3b4c5d6e7f8a9b0c1d2e3f4a5b6c7d8e9f0a1b2c3d4 -> NOT FOUND
[2025-10-10 12:20:15] [INFO] [DATA] Enriching link 22: source 3d4e5f6a7b8c9d0e1f2a3b4c5d6e7f8a9b0c1d2e3f4a5b6c7d8e9f0a1b2c3 -> NOT FOUND, target 3a6f6c166a1f4d3b8f1a8e0e9e8d7e6b5c4d3e2f1a0b9c8d7e6f5a4b3c2d1e0 -> NOT FOUND
[2025-10-10 12:20:16] [INFO] [DATA] Enriching link 23: source 7f8bfe9d8e9d8e9d8e9d8e9d8e9d8e9d8e9d8e9d8e9d8e9d8e9d8e9d8e9d8e9d -> Luca Brando, target 2f3bfe9d8e9d8e9d8e9d8e9d8e9d8e9d8e9d8e9d8e9d8e9d8e9d8e9d8e9d8e9d -> Brando Family
[2025-10-10 12:20:16] [INFO] [DATA] Enriching link 24: source 6f7bfe9d8e9d8e9d8e9d8e9d8e9d8e9d8e9d8e9d8e9d8e9d8e9d8e9d8e9d8e9d -> Leifr Ásjá, target 1f2bfe9d8e9d8e9d8e9d8e9d8e9d8e9d8e9d8e9d8e9d8e9d8e9d8e9d8e9d8e9d -> Ásjá Family
[2025-10-10 12:20:17] [INFO] [DATA] Enriching link 25: source 6f7bfe9d8e9d8e9d8e9d8e9d8e9d8e9d8e9d8e9d8e9d8e9d8e9d8e9d8e9d8e9d -> Leifr Ásjá, target 4f5bfe9d8e9d8e9d8e9d8e9d8e9d8e9d8e9d8e9d8e9d8e9d8e9d8e9d8e9d8e9d -> Futaba Masamichi
[2025-10-10 12:20:17] [INFO] [DATA] Enriching link 26: source 9e8f7a6b5c4d3e2f1a0a1a1a1a1a1a1a1a1a1a1a1a1a1a1a1a1a1a1a1a1a1a1a -> Wilhelm Grimm, target 1a2b3c4d5e6f7a8b9c0d1e2f3a4b5c6d7e8f9a0b1c2d3e4f5a6b7c8d9e0f1a2b -> NOT FOUND
[2025-10-10 12:20:18] [INFO] [DATA] Enriching link 27: source 0c9ab2971c7d97be455587bd78532fdb5819c1af841b7d318f561381f2111f06 -> Frop, target a6579c42afeed7f490a709599a3d6a2b77e77ed20354d0c06cecb3a01dd8a78e -> Phagousa
[2025-10-10 12:20:18] [INFO] [DATA] Enriching link 28: source 8f9bfe9d8e9d8e9d8e9d8e9d8e9d8e9d8e9d8e9d8e9d8e9d8e9d8e9d8e9d8e9d -> NOT FOUND, target a6579c42afeed7f490a709599a3d6a2b77e77ed20354d0c06cecb3a01dd8a78e -> Phagousa
[2025-10-10 12:20:19] [INFO] [DATA] Enriching link 29: source 0c3640ed7bb61da2e4616aa06b58f2c17e4fc5ac4cc379c9c1c1d9e87e4184e0 -> Aglaea, target 829a10fe10fa8b1e0b11b23c051d0214fef0ef029b28d0c3c8c1d4a5c6a817bf -> Chrysos Heirs
[2025-10-10 12:20:19] [INFO] [DATA] Enriching link 30: source 2fafd15c7476a6e10d9f177ed285d271b3af0c23b0de95d36bc66519c002f131 -> Pie-non, target 829a10fe10fa8b1e0b11b23c051d0214fef0ef029b28d0c3c8c1d4a5c6a817bf -> Chrysos Heirs
[2025-10-10 12:20:20] [INFO] [DATA] Enriching link 31: source 829a10fe10fa8b1e0b11b23c051d0214fef0ef029b28d0c3c8c1d4a5c6a817bf -> Chrysos Heirs, target b06c0353d0658823ce55ab5345a5d11aee21be8c3549a48472d1193ede9799c7 -> Mydei
[2025-10-10 12:20:20] [INFO] [DATA] Returning links: 0,1,2,3,4,5,6,7,8,9,10,11,12,13,14,15,16,17,18,19,20,21,22,23,24,25,26,27,28,29,30,31
[2025-10-10 12:20:20] [INFO] [REQ] GET /api/links?userId=04E9XYnVi8QD3yHAIXeBHCRp2sN2 → 200 (15973ms)
[2025-10-10 12:20:20] [INFO] [DATA] Events fetched: 22
[2025-10-10 12:20:20] [INFO] [DATA] Using parsed filters: {}
[2025-10-10 12:20:20] [INFO] [DATA] Returning events: 22,-ONJ7r7arlkKLSursxK_,-ONJMIneEt1bIlnYuB-O,-ONJMf4sqP05jdDVkHrS,-ONJMjZClO8pBcE1UtdR,-ONJMn59asw-8j9-QrQw,-ONJMryqmLcA6Roz1vq2,-ONJMx1FQK67VyQVAdWF,-ONs89csZyyr2K6br7s0,-ONs8D8_IBQ-hCVfXcDg,-ONs8GzGV-0LRBPMSwZv,-ONs9pEJDCAfUZOndcj5,-ONs9t74AYqBc9Cnh3eg,-ONsKt7X-3o2bVsWoM_I,-ONsKyGqAGfqV58QZhOp,-ONsL1RcDGJcIVYEct98,-ONsLyOgJQPQD70p8TJJ,-ONsWXoWSIwlpOnimiCc,-ONsXnwyXxoyvmt4ZMNK,-OP5LKXtFkkmN2LPoX5S,-OP5MN2e0udwnRbwcgXr,-OP5Nkfo-XVnTsDtRa7P
[2025-10-10 12:20:20] [INFO] [REQ] GET /api/events?userId=04E9XYnVi8QD3yHAIXeBHCRp2sN2 → 200 (231ms)
[2025-10-10 12:20:20] [INFO] [REQ] GET /api/cache-stats → 200 (1ms)
[2025-10-10 12:20:20] [INFO] [REQ] GET /api/cache-stats → 200 (2ms)
[2025-10-10 12:20:20] [INFO] [REQ] GET /api/cache-stats → 200 (2ms)
[2025-10-10 12:20:20] [INFO] [START] /api/nodes at 2025-10-10T04:20:20.516Z
[2025-10-10 12:20:20] [INFO] [DATA] Nodes fetched: 30
[2025-10-10 12:20:20] [INFO] [DATA] Using parsed filters: {}
[2025-10-10 12:20:20] [INFO] [DATA] Returning nodes: 0,1,2,3,4,5,6,7,8,9,10,12,13,14,15,16,17,18,19,21,22,23,24,25,26,27,28,29,30,31
[2025-10-10 12:20:20] [INFO] [REQ] GET /api/nodes?userId=04E9XYnVi8QD3yHAIXeBHCRp2sN2 → 200 (247ms)
[2025-10-10 12:20:20] [INFO] [START] /api/nodes at 2025-10-10T04:20:20.786Z
[2025-10-10 12:20:21] [INFO] [DATA] Nodes fetched: 30
[2025-10-10 12:20:21] [INFO] [DATA] Using parsed filters: {}
[2025-10-10 12:20:21] [INFO] [DATA] Returning nodes: 0,1,2,3,4,5,6,7,8,9,10,12,13,14,15,16,17,18,19,21,22,23,24,25,26,27,28,29,30,31
[2025-10-10 12:20:21] [INFO] [REQ] GET /api/nodes?userId=04E9XYnVi8QD3yHAIXeBHCRp2sN2 → 200 (256ms)
[2025-10-10 12:20:21] [INFO] [REQ] GET /api/cache-stats → 200 (2ms)
[2025-10-10 12:20:21] [INFO] [REQ] GET /api/cache-stats → 200 (1ms)
[2025-10-10 12:20:21] [INFO] [START] /api/nodes at 2025-10-10T04:20:21.143Z
[2025-10-10 12:20:21] [INFO] [DATA] Nodes fetched: 30
[2025-10-10 12:20:21] [INFO] [DATA] Using parsed filters: {}
[2025-10-10 12:20:21] [INFO] [DATA] Returning nodes: 0,1,2,3,4,5,6,7,8,9,10,12,13,14,15,16,17,18,19,21,22,23,24,25,26,27,28,29,30,31
[2025-10-10 12:20:21] [INFO] [REQ] GET /api/nodes?userId=04E9XYnVi8QD3yHAIXeBHCRp2sN2 → 200 (250ms)
[2025-10-10 12:20:21] [INFO] [REQUEST] /api/stage-change request with body: {"userId":"04E9XYnVi8QD3yHAIXeBHCRp2sN2","entityType":"node","entityId":null,"newData":{"label":"Test Cache Invalidation Node","group":"Person"}}
[2025-10-10 12:20:21] [INFO] [REQ] POST /api/stage-change → 400 (239ms)
[2025-10-10 12:20:21] [INFO] [REQ] GET /api/cache-stats → 200 (1ms)
[2025-10-10 12:20:44] [INFO] [REQ] GET /api/cache-stats → 200 (1ms)
[2025-10-10 12:20:44] [INFO] [REQ] GET /api/cache-stats → 200 (1ms)
[2025-10-10 12:20:44] [INFO] [REQ] POST /api/batch → 200 (3ms)
[2025-10-10 12:20:44] [INFO] [REQ] GET /api/cache-stats → 200 (1ms)
[2025-10-10 12:20:44] [INFO] [REQ] POST /api/batch → 200 (486ms)
[2025-10-10 12:20:44] [INFO] [REQ] POST /api/batch → 200 (507ms)
[2025-10-10 12:20:44] [INFO] [REQ] POST /api/batch → 200 (519ms)
[2025-10-10 12:20:44] [INFO] [REQ] POST /api/batch → 200 (535ms)
[2025-10-10 12:20:45] [INFO] [START] /api/nodes at 2025-10-10T04:20:45.065Z
[2025-10-10 12:20:45] [INFO] [REQ] POST /api/batch → 200 (684ms)
[2025-10-10 12:20:45] [INFO] [REQ] GET /api/cache-stats → 200 (1ms)
[2025-10-10 12:20:45] [INFO] [REQ] GET /api/cache-stats → 200 (1ms)
[2025-10-10 12:20:45] [INFO] [DATA] Nodes fetched: 30
[2025-10-10 12:20:45] [INFO] [DATA] Using parsed filters: {"label":["Akio","Phagousa"]}
[2025-10-10 12:20:45] [INFO] [DATA] Filtered nodes count (label): 2
[2025-10-10 12:20:45] [INFO] [DATA] Returning nodes: 23,31
[2025-10-10 12:20:45] [INFO] [REQ] GET /api/nodes?userId=04E9XYnVi8QD3yHAIXeBHCRp2sN2&label=Akio&label=Phagousa → 200 (250ms)
